;S
1 _ _ l 2
1 0 0 r 1
1 1 1 r 1
1 B B r 1
1 X X r 1
2 1 _ r 3
2 0 _ r 4
2 _ _ r 5
3 0 1 l 6
3 1 1 l 6
3 _ 1 l 6
3 B 1 l 6
3 X 1 l 6
6 0 0 l 2
6 1 1 l 2
6 _ _ l 2
6 B B l 2
6 X X l 2
4 0 0 l 7
4 1 0 l 7
4 _ 0 l 7
4 B 0 l 7
4 X 0 l 7
7 0 0 l 2
7 1 1 l 2
7 _ _ l 2
7 B B l 2
7 X X l 2
5 _ B r 8
9 1 X l 10
9 0 X l 11
9 X X l 9
9 B B r halt-accept
10 1 1 l 10
10 X X l 10
10 0 X r 8
11 0 0 l 11
11 X X l 11
11 1 X r 8
8 _ _ l 9
8 0 0 r 8
8 1 1 r 8
8 B B r 8
8 X X r 8
7 % % r L_7
L_7 * * r L_7
L_7 | # r M_7
M_7 _ | l B_7
B_7 # # l B_7
B_7 % % r R_7
R_7 # _ l R_7
R_7 % % r 7
7 | _ r E_7
E_7 _ | l 7
B_7 _ # r S_7__
S_7__ # _ l B_7
B_7 B # r S_7_B
S_7_B # B l B_7
B_7 X # r S_7_X
S_7_X # X l B_7
B_7 1 # r S_7_1
S_7_1 # 1 l B_7
B_7 ★ # r S_7_★
S_7_★ # ★ l B_7
B_7 0 # r S_7_0
S_7_0 # 0 l B_7
8 % % r L_8
L_8 * * r L_8
L_8 | # r M_8
M_8 _ | l B_8
B_8 # # l B_8
B_8 % % r R_8
R_8 # _ l R_8
R_8 % % r 8
8 | _ r E_8
E_8 _ | l 8
B_8 _ # r S_8__
S_8__ # _ l B_8
B_8 B # r S_8_B
S_8_B # B l B_8
B_8 X # r S_8_X
S_8_X # X l B_8
B_8 1 # r S_8_1
S_8_1 # 1 l B_8
B_8 ★ # r S_8_★
S_8_★ # ★ l B_8
B_8 0 # r S_8_0
S_8_0 # 0 l B_8
halt-accept % % r L_halt-accept
L_halt-accept * * r L_halt-accept
L_halt-accept | # r M_halt-accept
M_halt-accept _ | l B_halt-accept
B_halt-accept # # l B_halt-accept
B_halt-accept % % r R_halt-accept
R_halt-accept # _ l R_halt-accept
R_halt-accept % % r halt-accept
halt-accept | _ r E_halt-accept
E_halt-accept _ | l halt-accept
B_halt-accept _ # r S_halt-accept__
S_halt-accept__ # _ l B_halt-accept
B_halt-accept B # r S_halt-accept_B
S_halt-accept_B # B l B_halt-accept
B_halt-accept X # r S_halt-accept_X
S_halt-accept_X # X l B_halt-accept
B_halt-accept 1 # r S_halt-accept_1
S_halt-accept_1 # 1 l B_halt-accept
B_halt-accept ★ # r S_halt-accept_★
S_halt-accept_★ # ★ l B_halt-accept
B_halt-accept 0 # r S_halt-accept_0
S_halt-accept_0 # 0 l B_halt-accept
2 % % r L_2
L_2 * * r L_2
L_2 | # r M_2
M_2 _ | l B_2
B_2 # # l B_2
B_2 % % r R_2
R_2 # _ l R_2
R_2 % % r 2
2 | _ r E_2
E_2 _ | l 2
B_2 _ # r S_2__
S_2__ # _ l B_2
B_2 B # r S_2_B
S_2_B # B l B_2
B_2 X # r S_2_X
S_2_X # X l B_2
B_2 1 # r S_2_1
S_2_1 # 1 l B_2
B_2 ★ # r S_2_★
S_2_★ # ★ l B_2
B_2 0 # r S_2_0
S_2_0 # 0 l B_2
10 % % r L_10
L_10 * * r L_10
L_10 | # r M_10
M_10 _ | l B_10
B_10 # # l B_10
B_10 % % r R_10
R_10 # _ l R_10
R_10 % % r 10
10 | _ r E_10
E_10 _ | l 10
B_10 _ # r S_10__
S_10__ # _ l B_10
B_10 B # r S_10_B
S_10_B # B l B_10
B_10 X # r S_10_X
S_10_X # X l B_10
B_10 1 # r S_10_1
S_10_1 # 1 l B_10
B_10 ★ # r S_10_★
S_10_★ # ★ l B_10
B_10 0 # r S_10_0
S_10_0 # 0 l B_10
4 % % r L_4
L_4 * * r L_4
L_4 | # r M_4
M_4 _ | l B_4
B_4 # # l B_4
B_4 % % r R_4
R_4 # _ l R_4
R_4 % % r 4
4 | _ r E_4
E_4 _ | l 4
B_4 _ # r S_4__
S_4__ # _ l B_4
B_4 B # r S_4_B
S_4_B # B l B_4
B_4 X # r S_4_X
S_4_X # X l B_4
B_4 1 # r S_4_1
S_4_1 # 1 l B_4
B_4 ★ # r S_4_★
S_4_★ # ★ l B_4
B_4 0 # r S_4_0
S_4_0 # 0 l B_4
6 % % r L_6
L_6 * * r L_6
L_6 | # r M_6
M_6 _ | l B_6
B_6 # # l B_6
B_6 % % r R_6
R_6 # _ l R_6
R_6 % % r 6
6 | _ r E_6
E_6 _ | l 6
B_6 _ # r S_6__
S_6__ # _ l B_6
B_6 B # r S_6_B
S_6_B # B l B_6
B_6 X # r S_6_X
S_6_X # X l B_6
B_6 1 # r S_6_1
S_6_1 # 1 l B_6
B_6 ★ # r S_6_★
S_6_★ # ★ l B_6
B_6 0 # r S_6_0
S_6_0 # 0 l B_6
1 % % r L_1
L_1 * * r L_1
L_1 | # r M_1
M_1 _ | l B_1
B_1 # # l B_1
B_1 % % r R_1
R_1 # _ l R_1
R_1 % % r 1
1 | _ r E_1
E_1 _ | l 1
B_1 _ # r S_1__
S_1__ # _ l B_1
B_1 B # r S_1_B
S_1_B # B l B_1
B_1 X # r S_1_X
S_1_X # X l B_1
B_1 1 # r S_1_1
S_1_1 # 1 l B_1
B_1 ★ # r S_1_★
S_1_★ # ★ l B_1
B_1 0 # r S_1_0
S_1_0 # 0 l B_1
9 % % r L_9
L_9 * * r L_9
L_9 | # r M_9
M_9 _ | l B_9
B_9 # # l B_9
B_9 % % r R_9
R_9 # _ l R_9
R_9 % % r 9
9 | _ r E_9
E_9 _ | l 9
B_9 _ # r S_9__
S_9__ # _ l B_9
B_9 B # r S_9_B
S_9_B # B l B_9
B_9 X # r S_9_X
S_9_X # X l B_9
B_9 1 # r S_9_1
S_9_1 # 1 l B_9
B_9 ★ # r S_9_★
S_9_★ # ★ l B_9
B_9 0 # r S_9_0
S_9_0 # 0 l B_9
5 % % r L_5
L_5 * * r L_5
L_5 | # r M_5
M_5 _ | l B_5
B_5 # # l B_5
B_5 % % r R_5
R_5 # _ l R_5
R_5 % % r 5
5 | _ r E_5
E_5 _ | l 5
B_5 _ # r S_5__
S_5__ # _ l B_5
B_5 B # r S_5_B
S_5_B # B l B_5
B_5 X # r S_5_X
S_5_X # X l B_5
B_5 1 # r S_5_1
S_5_1 # 1 l B_5
B_5 ★ # r S_5_★
S_5_★ # ★ l B_5
B_5 0 # r S_5_0
S_5_0 # 0 l B_5
3 % % r L_3
L_3 * * r L_3
L_3 | # r M_3
M_3 _ | l B_3
B_3 # # l B_3
B_3 % % r R_3
R_3 # _ l R_3
R_3 % % r 3
3 | _ r E_3
E_3 _ | l 3
B_3 _ # r S_3__
S_3__ # _ l B_3
B_3 B # r S_3_B
S_3_B # B l B_3
B_3 X # r S_3_X
S_3_X # X l B_3
B_3 1 # r S_3_1
S_3_1 # 1 l B_3
B_3 ★ # r S_3_★
S_3_★ # ★ l B_3
B_3 0 # r S_3_0
S_3_0 # 0 l B_3
11 % % r L_11
L_11 * * r L_11
L_11 | # r M_11
M_11 _ | l B_11
B_11 # # l B_11
B_11 % % r R_11
R_11 # _ l R_11
R_11 % % r 11
11 | _ r E_11
E_11 _ | l 11
B_11 _ # r S_11__
S_11__ # _ l B_11
B_11 B # r S_11_B
S_11_B # B l B_11
B_11 X # r S_11_X
S_11_X # X l B_11
B_11 1 # r S_11_1
S_11_1 # 1 l B_11
B_11 ★ # r S_11_★
S_11_★ # ★ l B_11
B_11 0 # r S_11_0
S_11_0 # 0 l B_11
0 _ % r I__
I__ * * r I__
I__ _ # r F__
F__ _ | l C__
C__ # # l C__
C__ _ # r S____
S____ # _ l C__
C__ B # r S___B
S___B # B l C__
C__ X # r S___X
S___X # X l C__
C__ 1 # r S___1
S___1 # 1 l C__
C__ ★ # r S___★
S___★ # ★ l C__
C__ 0 # r S___0
S___0 # 0 l C__
C__ % % r E__
E__ # _ l E__
E__ % % r 1
0 B % r I_B
I_B * * r I_B
I_B _ # r F_B
F_B _ | l C_B
C_B # # l C_B
C_B _ # r S_B__
S_B__ # _ l C_B
C_B B # r S_B_B
S_B_B # B l C_B
C_B X # r S_B_X
S_B_X # X l C_B
C_B 1 # r S_B_1
S_B_1 # 1 l C_B
C_B ★ # r S_B_★
S_B_★ # ★ l C_B
C_B 0 # r S_B_0
S_B_0 # 0 l C_B
C_B % % r E_B
E_B # B l E_B
E_B % % r 1
0 X % r I_X
I_X * * r I_X
I_X _ # r F_X
F_X _ | l C_X
C_X # # l C_X
C_X _ # r S_X__
S_X__ # _ l C_X
C_X B # r S_X_B
S_X_B # B l C_X
C_X X # r S_X_X
S_X_X # X l C_X
C_X 1 # r S_X_1
S_X_1 # 1 l C_X
C_X ★ # r S_X_★
S_X_★ # ★ l C_X
C_X 0 # r S_X_0
S_X_0 # 0 l C_X
C_X % % r E_X
E_X # X l E_X
E_X % % r 1
0 1 % r I_1
I_1 * * r I_1
I_1 _ # r F_1
F_1 _ | l C_1
C_1 # # l C_1
C_1 _ # r S_1__
S_1__ # _ l C_1
C_1 B # r S_1_B
S_1_B # B l C_1
C_1 X # r S_1_X
S_1_X # X l C_1
C_1 1 # r S_1_1
S_1_1 # 1 l C_1
C_1 ★ # r S_1_★
S_1_★ # ★ l C_1
C_1 0 # r S_1_0
S_1_0 # 0 l C_1
C_1 % % r E_1
E_1 # 1 l E_1
E_1 % % r 1
0 ★ % r I_★
I_★ * * r I_★
I_★ _ # r F_★
F_★ _ | l C_★
C_★ # # l C_★
C_★ _ # r S_★__
S_★__ # _ l C_★
C_★ B # r S_★_B
S_★_B # B l C_★
C_★ X # r S_★_X
S_★_X # X l C_★
C_★ 1 # r S_★_1
S_★_1 # 1 l C_★
C_★ ★ # r S_★_★
S_★_★ # ★ l C_★
C_★ 0 # r S_★_0
S_★_0 # 0 l C_★
C_★ % % r E_★
E_★ # ★ l E_★
E_★ % % r 1
0 0 % r I_0
I_0 * * r I_0
I_0 _ # r F_0
F_0 _ | l C_0
C_0 # # l C_0
C_0 _ # r S_0__
S_0__ # _ l C_0
C_0 B # r S_0_B
S_0_B # B l C_0
C_0 X # r S_0_X
S_0_X # X l C_0
C_0 1 # r S_0_1
S_0_1 # 1 l C_0
C_0 ★ # r S_0_★
S_0_★ # ★ l C_0
C_0 0 # r S_0_0
S_0_0 # 0 l C_0
C_0 % % r E_0
E_0 # 0 l E_0
E_0 % % r 1
